Setting up Steam content in /home/killbox/.local/share/Steam
Running Steam on fedora 25 64-bit
STEAM_RUNTIME is enabled automatically
Installing breakpad exception handler for appid(steam)/version(0)
Installing breakpad exception handler for appid(steam)/version(1.0)
Installing breakpad exception handler for appid(steam)/version(1.0)
Installing breakpad exception handler for appid(steam)/version(1.0)
ILocalize::AddFile() failed to load file "public/steambootstrapper_english.txt".
[2017-01-31 19:59:31] Startup - updater built Nov 23 2016 01:05:42
[2017-01-31 19:59:31] Verifying installation...
[2017-01-31 19:59:31] Unable to read and verify install manifest /home/killbox/.local/share/Steam/package/steam_client_ubuntu12.installed
[2017-01-31 19:59:31] Verification complete
[2017-01-31 19:59:31] Downloading Update...
[2017-01-31 19:59:31] Checking for available update...
[2017-01-31 19:59:31] Package file tenfoot_misc_all.zip.008ed314d467eecacba58d188fdf082d23f264d2 missing or incorrect size
[2017-01-31 19:59:31] Package file tenfoot_dicts_all.zip.87bb49891925214df2d745e12a53518fd2ea86f0 missing or incorrect size
[2017-01-31 19:59:31] Package file tenfoot_fonts_all.zip.vz.7673e4cd32b6752bc621d8bc1a7118a9af19b64a_12077027 missing or incorrect size
[2017-01-31 19:59:31] Package file tenfoot_ambientsounds_all.zip.12963b9dbc3d331e26559cc2d323ca0661942b6b missing or incorrect size
[2017-01-31 19:59:31] Package file tenfoot_sounds_all.zip.vz.ffef2b2fc386819a842ea79484b966a937c2ca7e_1209792 missing or incorrect size
[2017-01-31 19:59:31] Package file tenfoot_images_all.zip.vz.1ea174b9274bc15e751452adabc94a6715ed70a0_29396785 missing or incorrect size
[2017-01-31 19:59:31] Package file tenfoot_all.zip.vz.e4a11bb87dc8b22885d6055f4936fac950f89efb_2241396 missing or incorrect size
[2017-01-31 19:59:31] Package file resources_misc_all.zip.vz.6596f073f874e66a5af7a41ca94e54e1b091fcb7_2030550 missing or incorrect size
[2017-01-31 19:59:31] Package file resources_all.zip.vz.e4473120a4f4551fe56a1c0b4fb67259933019ea_5053566 missing or incorrect size
[2017-01-31 19:59:31] Package file strings_en_all.zip.vz.7aefc1efc5399dfa43bdcbbff81ca5e91ceef8d5_85183 missing or incorrect size
[2017-01-31 19:59:31] Package file strings_all.zip.vz.9ab6f6eb09277026e95ed10a9b92c4ea54fc6435_2082869 missing or incorrect size
[2017-01-31 19:59:31] Package file remoteui_all.zip.vz.36b190ff2ea81b6665e7a2bcc98d80c00a9a3517_141317 missing or incorrect size
[2017-01-31 19:59:31] Package file public_all.zip.vz.bd48966f8a6143e1ef4d14b39a03775aa699623e_816335 missing or incorrect size
[2017-01-31 19:59:31] Package file bins_ubuntu12.zip.vz.820d6d40f511509f17d4681722fd8026da2b38ba_16231428 missing or incorrect size
[2017-01-31 19:59:31] Package file bins_pub_ubuntu12.zip.vz.75de75cc072b8931cdb56710db5674d7a01bc3c4_9050756 missing or incorrect size
[2017-01-31 19:59:31] Package file bins_sdk_ubuntu12.zip.vz.9f6fd7a713f78838221d01bd53d810e147acc27e_9980523 missing or incorrect size
[2017-01-31 19:59:31] Package file bins_codecs_ubuntu12.zip.vz.84b14918e1591ffd02e819b8f7fc79315dbedb03_1832666 missing or incorrect size
[2017-01-31 19:59:31] Package file bins_misc_ubuntu12.zip.4c639ab22a1fe076ff2b705be55ee59f4c6b1122 missing or incorrect size
[2017-01-31 19:59:31] Package file webkit_ubuntu12.zip.vz.ea5e4def93c6c6adde86a3d7f799f033c1aadbf3_43156347 missing or incorrect size
[2017-01-31 19:59:31] Package file miles_ubuntu12.zip.vz.4fd048667c97ef6eb976f4c42ce5c18f8695ac9e_295483 missing or incorrect size
[2017-01-31 19:59:31] Package file sdl2_ubuntu12.zip.vz.027ab60ca59091ca05ddce646a00116aefc06b3a_270533 missing or incorrect size
[2017-01-31 19:59:31] Package file steam_ubuntu12.zip.vz.39ecc4b92f32b48e4490f1ed82d52432f078ac25_1384716 missing or incorrect size
[2017-01-31 19:59:31] Package file runtime_part0_ubuntu12.zip.7cb113a5d6be4486ecd4873ea6460a30f8050ae8 missing or incorrect size
[2017-01-31 19:59:31] Package file runtime_part1_ubuntu12.zip.f6f98a289f5af2c121b04cb9ede621b16f4c8dd0 missing or incorrect size
[2017-01-31 19:59:31] Downloading update (0 of 268,823 KB)...
[2017-01-31 19:59:32] Downloading update (286 of 268,823 KB)...
[2017-01-31 19:59:32] Downloading update (1,566 of 268,823 KB)...
[2017-01-31 19:59:32] Downloading update (2,602 of 268,823 KB)...
[2017-01-31 19:59:32] Downloading update (3,374 of 268,823 KB)...
[2017-01-31 19:59:33] Downloading update (4,087 of 268,823 KB)...
[2017-01-31 19:59:33] Downloading update (4,849 of 268,823 KB)...
[2017-01-31 19:59:33] Downloading update (5,685 of 268,823 KB)...
[2017-01-31 19:59:33] Downloading update (6,290 of 268,823 KB)...
[2017-01-31 19:59:34] Downloading update (7,003 of 268,823 KB)...
[2017-01-31 19:59:34] Downloading update (7,751 of 268,823 KB)...
[2017-01-31 19:59:34] Downloading update (8,549 of 268,823 KB)...
[2017-01-31 19:59:34] Downloading update (9,035 of 268,823 KB)...
[2017-01-31 19:59:35] Downloading update (10,024 of 268,823 KB)...
[2017-01-31 19:59:35] Downloading update (10,803 of 268,823 KB)...
[2017-01-31 19:59:35] Downloading update (11,465 of 268,823 KB)...
[2017-01-31 19:59:35] Downloading update (12,341 of 268,823 KB)...
[2017-01-31 19:59:36] Downloading update (13,006 of 268,823 KB)...
[2017-01-31 19:59:36] Downloading update (13,717 of 268,823 KB)...
[2017-01-31 19:59:36] Downloading update (14,419 of 268,823 KB)...
[2017-01-31 19:59:36] Downloading update (15,034 of 268,823 KB)...
[2017-01-31 19:59:37] Downloading update (15,785 of 268,823 KB)...
[2017-01-31 19:59:37] Downloading update (16,523 of 268,823 KB)...
[2017-01-31 19:59:37] Downloading update (17,046 of 268,823 KB)...
[2017-01-31 19:59:37] Downloading update (17,548 of 268,823 KB)...
[2017-01-31 19:59:38] Downloading update (18,020 of 268,823 KB)...
[2017-01-31 19:59:38] Downloading update (18,667 of 268,823 KB)...
[2017-01-31 19:59:38] Downloading update (19,177 of 268,823 KB)...
[2017-01-31 19:59:38] Downloading update (19,789 of 268,823 KB)...
[2017-01-31 19:59:39] Downloading update (20,284 of 268,823 KB)...
[2017-01-31 19:59:39] Downloading update (20,843 of 268,823 KB)...
[2017-01-31 19:59:39] Downloading update (21,469 of 268,823 KB)...
[2017-01-31 19:59:39] Downloading update (22,250 of 268,823 KB)...
[2017-01-31 19:59:40] Downloading update (23,163 of 268,823 KB)...
[2017-01-31 19:59:40] Downloading update (23,793 of 268,823 KB)...
[2017-01-31 19:59:40] Downloading update (24,715 of 268,823 KB)...
[2017-01-31 19:59:40] Downloading update (25,454 of 268,823 KB)...
[2017-01-31 19:59:41] Downloading update (26,098 of 268,823 KB)...
[2017-01-31 19:59:41] Downloading update (27,029 of 268,823 KB)...
[2017-01-31 19:59:41] Downloading update (27,892 of 268,823 KB)...
[2017-01-31 19:59:41] Downloading update (28,517 of 268,823 KB)...
[2017-01-31 19:59:42] Downloading update (29,166 of 268,823 KB)...
[2017-01-31 19:59:42] Downloading update (29,979 of 268,823 KB)...
[2017-01-31 19:59:42] Downloading update (30,789 of 268,823 KB)...
[2017-01-31 19:59:42] Downloading update (31,351 of 268,823 KB)...
[2017-01-31 19:59:43] Downloading update (32,120 of 268,823 KB)...
[2017-01-31 19:59:43] Downloading update (33,005 of 268,823 KB)...
[2017-01-31 19:59:43] Downloading update (33,564 of 268,823 KB)...
[2017-01-31 19:59:43] Downloading update (34,371 of 268,823 KB)...
[2017-01-31 19:59:44] Downloading update (35,001 of 268,823 KB)...
[2017-01-31 19:59:44] Downloading update (35,807 of 268,823 KB)...
[2017-01-31 19:59:44] Downloading update (36,794 of 268,823 KB)...
[2017-01-31 19:59:44] Downloading update (37,717 of 268,823 KB)...
[2017-01-31 19:59:45] Downloading update (38,582 of 268,823 KB)...
[2017-01-31 19:59:45] Downloading update (39,411 of 268,823 KB)...
[2017-01-31 19:59:45] Downloading update (39,955 of 268,823 KB)...
[2017-01-31 19:59:45] Downloading update (40,761 of 268,823 KB)...
[2017-01-31 19:59:46] Downloading update (41,884 of 268,823 KB)...
[2017-01-31 19:59:46] Downloading update (42,679 of 268,823 KB)...
[2017-01-31 19:59:46] Downloading update (43,329 of 268,823 KB)...
[2017-01-31 19:59:46] Downloading update (44,233 of 268,823 KB)...
[2017-01-31 19:59:47] Downloading update (44,813 of 268,823 KB)...
[2017-01-31 19:59:47] Downloading update (45,636 of 268,823 KB)...
[2017-01-31 19:59:47] Downloading update (46,360 of 268,823 KB)...
[2017-01-31 19:59:47] Downloading update (47,163 of 268,823 KB)...
[2017-01-31 19:59:48] Downloading update (47,738 of 268,823 KB)...
[2017-01-31 19:59:48] Downloading update (48,580 of 268,823 KB)...
[2017-01-31 19:59:48] Downloading update (49,359 of 268,823 KB)...
[2017-01-31 19:59:48] DownloaInstalling breakpad exception handler for appid(steam)/version(1.0)
ding update (50,009 of 268,823 KB)...
[2017-01-31 19:59:49] Downloading update (50,708 of 268,823 KB)...
[2017-01-31 19:59:49] Downloading update (51,407 of 268,823 KB)...
[2017-01-31 19:59:49] Downloading update (52,080 of 268,823 KB)...
[2017-01-31 19:59:49] Downloading update (52,816 of 268,823 KB)...
[2017-01-31 19:59:50] Downloading update (53,826 of 268,823 KB)...
[2017-01-31 19:59:50] Downloading update (54,469 of 268,823 KB)...
[2017-01-31 19:59:50] Downloading update (55,274 of 268,823 KB)...
[2017-01-31 19:59:50] Downloading update (55,936 of 268,823 KB)...
[2017-01-31 19:59:51] Downloading update (56,346 of 268,823 KB)...
[2017-01-31 19:59:51] Downloading update (57,095 of 268,823 KB)...
[2017-01-31 19:59:51] Downloading update (57,784 of 268,823 KB)...
[2017-01-31 19:59:51] Downloading update (58,734 of 268,823 KB)...
[2017-01-31 19:59:52] Downloading update (59,409 of 268,823 KB)...
[2017-01-31 19:59:52] Downloading update (60,293 of 268,823 KB)...
[2017-01-31 19:59:52] Downloading update (60,711 of 268,823 KB)...
[2017-01-31 19:59:52] Downloading update (61,523 of 268,823 KB)...
[2017-01-31 19:59:53] Downloading update (62,124 of 268,823 KB)...
[2017-01-31 19:59:53] Downloading update (63,040 of 268,823 KB)...
[2017-01-31 19:59:53] Downloading update (63,724 of 268,823 KB)...
[2017-01-31 19:59:53] Downloading update (64,528 of 268,823 KB)...
[2017-01-31 19:59:54] Downloading update (65,328 of 268,823 KB)...
[2017-01-31 19:59:54] Downloading update (66,094 of 268,823 KB)...
[2017-01-31 19:59:54] Downloading update (66,746 of 268,823 KB)...
[2017-01-31 19:59:55] Downloading update (67,309 of 268,823 KB)...
[2017-01-31 19:59:55] Downloading update (68,076 of 268,823 KB)...
[2017-01-31 19:59:55] Downloading update (68,703 of 268,823 KB)...
[2017-01-31 19:59:55] Downloading update (69,592 of 268,823 KB)...
[2017-01-31 19:59:56] Downloading update (70,435 of 268,823 KB)...
[2017-01-31 19:59:56] Downloading update (70,997 of 268,823 KB)...
[2017-01-31 19:59:56] Downloading update (71,966 of 268,823 KB)...
[2017-01-31 19:59:56] Downloading update (72,998 of 268,823 KB)...
[2017-01-31 19:59:57] Downloading update (73,629 of 268,823 KB)...
[2017-01-31 19:59:57] Downloading update (74,166 of 268,823 KB)...
[2017-01-31 19:59:57] Downloading update (74,822 of 268,823 KB)...
[2017-01-31 19:59:57] Downloading update (75,575 of 268,823 KB)...
[2017-01-31 19:59:58] Downloading update (76,311 of 268,823 KB)...
[2017-01-31 19:59:58] Downloading update (77,041 of 268,823 KB)...
[2017-01-31 19:59:58] Downloading update (77,857 of 268,823 KB)...
[2017-01-31 19:59:58] Downloading update (78,565 of 268,823 KB)...
[2017-01-31 19:59:59] Downloading update (79,300 of 268,823 KB)...
[2017-01-31 19:59:59] Downloading update (80,013 of 268,823 KB)...
[2017-01-31 19:59:59] Downloading update (80,920 of 268,823 KB)...
[2017-01-31 19:59:59] Downloading update (81,759 of 268,823 KB)...
[2017-01-31 20:00:00] Downloading update (82,700 of 268,823 KB)...
[2017-01-31 20:00:00] Downloading update (83,449 of 268,823 KB)...
[2017-01-31 20:00:00] Downloading update (84,387 of 268,823 KB)...
[2017-01-31 20:00:00] Downloading update (85,039 of 268,823 KB)...
[2017-01-31 20:00:01] Downloading update (85,847 of 268,823 KB)...
[2017-01-31 20:00:01] Downloading update (86,463 of 268,823 KB)...
[2017-01-31 20:00:01] Downloading update (87,174 of 268,823 KB)...
[2017-01-31 20:00:02] Downloading update (87,918 of 268,823 KB)...
[2017-01-31 20:00:02] Downloading update (88,712 of 268,823 KB)...
[2017-01-31 20:00:02] Downloading update (89,491 of 268,823 KB)...
[2017-01-31 20:00:02] Downloading update (90,037 of 268,823 KB)...
[2017-01-31 20:00:03] Downloading update (90,807 of 268,823 KB)...
[2017-01-31 20:00:03] Downloading update (91,178 of 268,823 KB)...
[2017-01-31 20:00:03] Downloading update (92,025 of 268,823 KB)...
[2017-01-31 20:00:03] Downloading update (92,687 of 268,823 KB)...
[2017-01-31 20:00:04] Downloading update (93,408 of 268,823 KB)...
[2017-01-31 20:00:04] Downloading update (94,052 of 268,823 KB)...
[2017-01-31 20:00:04] Downloading update (94,797 of 268,823 KB)...
[2017-01-31 20:00:04] Downloading update (95,494 of 268,823 KB)...
[2017-01-31 20:00:05] Downloading update (96,053 of 268,823 KB)...
[2017-01-31 20:00:05] Downloading update (96,948 of 268,823 KB)...
[2017-01-31 20:00:05] Downloading update (97,856 of 268,823 KB)...
[2017-01-31 20:00:05] Downloading update (98,571 of 268,823 KB)...
[2017-01-31 20:00:06] Downloading update (99,260 of 268,823 KB)...
[2017-01-31 20:00:06] Downloading update (99,797 of 268,823 KB)...
[2017-01-31 20:00:06] Downloading update (100,419 of 268,823 KB)...
[2017-01-31 20:00:06] Downloading update (101,621 of 268,823 KB)...
[2017-01-31 20:00:07] Downloading update (102,249 of 268,823 KB)...
[2017-01-31 20:00:07] Downloading update (102,710 of 268,823 KB)...
[2017-01-31 20:00:07] Downloading update (103,575 of 268,823 KB)...
[2017-01-31 20:00:07] Downloading update (104,271 of 268,823 KB)...
[2017-01-31 20:00:08] Downloading update (104,900 of 268,823 KB)...
[2017-01-31 20:00:08] Downloading update (105,608 of 268,823 KB)...
[2017-01-31 20:00:08] Downloading update (106,554 of 268,823 KB)...
[2017-01-31 20:00:08] Downloading update (107,117 of 268,823 KB)...
[2017-01-31 20:00:09] Downloading update (107,787 of 268,823 KB)...
[2017-01-31 20:00:09] Downloading update (108,401 of 268,823 KB)...
[2017-01-31 20:00:09] Downloading update (109,140 of 268,823 KB)...
[2017-01-31 20:00:09] Downloading update (109,912 of 268,823 KB)...
[2017-01-31 20:00:10] Downloading update (110,853 of 268,823 KB)...
[2017-01-31 20:00:10] Downloading update (111,551 of 268,823 KB)...
[2017-01-31 20:00:10] Downloading update (112,312 of 268,823 KB)...
[2017-01-31 20:00:10] Downloading update (112,905 of 268,823 KB)...
[2017-01-31 20:00:11] Downloading update (113,849 of 268,823 KB)...
[2017-01-31 20:00:11] Downloading update (114,469 of 268,823 KB)...
[2017-01-31 20:00:11] Downloading update (115,456 of 268,823 KB)...
[2017-01-31 20:00:11] Downloading update (116,244 of 268,823 KB)...
[2017-01-31 20:00:12] Downloading update (117,109 of 268,823 KB)...
[2017-01-31 20:00:12] Downloading update (117,913 of 268,823 KB)...
[2017-01-31 20:00:12] Downloading update (118,636 of 268,823 KB)...
[2017-01-31 20:00:12] Downloading update (119,304 of 268,823 KB)...
[2017-01-31 20:00:13] Downloading update (120,158 of 268,823 KB)...
[2017-01-31 20:00:13] Downloading update (121,006 of 268,823 KB)...
[2017-01-31 20:00:13] Downloading update (121,565 of 268,823 KB)...
[2017-01-31 20:00:13] Downloading update (122,449 of 268,823 KB)...
[2017-01-31 20:00:14] Downloading update (123,129 of 268,823 KB)...
[2017-01-31 20:00:14] Downloading update (123,833 of 268,823 KB)...
[2017-01-31 20:00:14] Downloading update (124,399 of 268,823 KB)...
[2017-01-31 20:00:14] Downloading update (125,334 of 268,823 KB)...
[2017-01-31 20:00:15] Downloading update (126,236 of 268,823 KB)...
[2017-01-31 20:00:15] Downloading update (127,161 of 268,823 KB)...
[2017-01-31 20:00:15] Downloading update (127,666 of 268,823 KB)...
[2017-01-31 20:00:15] Downloading update (128,524 of 268,823 KB)...
[2017-01-31 20:00:16] Downloading update (129,252 of 268,823 KB)...
[2017-01-31 20:00:16] Downloading update (130,000 of 268,823 KB)...
[2017-01-31 20:00:16] Downloading update (130,594 of 268,823 KB)...
[2017-01-31 20:00:16] Downloading update (131,218 of 268,823 KB)...
[2017-01-31 20:00:17] Downloading update (132,061 of 268,823 KB)...
[2017-01-31 20:00:17] Downloading update (132,930 of 268,823 KB)...
[2017-01-31 20:00:17] Downloading update (133,716 of 268,823 KB)...
[2017-01-31 20:00:17] Downloading update (134,367 of 268,823 KB)...
[2017-01-31 20:00:18] Downloading update (135,051 of 268,823 KB)...
[2017-01-31 20:00:18] Downloading update (135,722 of 268,823 KB)...
[2017-01-31 20:00:18] Downloading update (136,299 of 268,823 KB)...
[2017-01-31 20:00:18] Downloading update (136,997 of 268,823 KB)...
[2017-01-31 20:00:19] Downloading update (137,444 of 268,823 KB)...
[2017-01-31 20:00:19] Downloading update (138,176 of 268,823 KB)...
[2017-01-31 20:00:19] Downloading update (138,998 of 268,823 KB)...
[2017-01-31 20:00:20] Downloading update (139,787 of 268,823 KB)...
[2017-01-31 20:00:20] Downloading update (140,417 of 268,823 KB)...
[2017-01-31 20:00:20] Downloading update (141,172 of 268,823 KB)...
[2017-01-31 20:00:20] Downloading update (141,878 of 268,823 KB)...
[2017-01-31 20:00:21] Downloading update (142,745 of 268,823 KB)...
[2017-01-31 20:00:21] Downloading update (143,299 of 268,823 KB)...
[2017-01-31 20:00:21] Downloading update (143,892 of 268,823 KB)...
[2017-01-31 20:00:21] Downloading update (144,641 of 268,823 KB)...
[2017-01-31 20:00:22] Downloading update (145,290 of 268,823 KB)...
[2017-01-31 20:00:22] Downloading update (145,849 of 268,823 KB)...
[2017-01-31 20:00:22] Downloading update (146,431 of 268,823 KB)...
[2017-01-31 20:00:22] Downloading update (147,049 of 268,823 KB)...
[2017-01-31 20:00:23] Downloading update (147,861 of 268,823 KB)...
[2017-01-31 20:00:23] Downloading update (148,582 of 268,823 KB)...
[2017-01-31 20:00:23] Downloading update (149,326 of 268,823 KB)...
[2017-01-31 20:00:23] Downloading update (150,000 of 268,823 KB)...
[2017-01-31 20:00:24] Downloading update (150,707 of 268,823 KB)...
[2017-01-31 20:00:24] Downloading update (151,259 of 268,823 KB)...
[2017-01-31 20:00:24] Downloading update (151,928 of 268,823 KB)...
[2017-01-31 20:00:24] Downloading update (152,460 of 268,823 KB)...
[2017-01-31 20:00:25] Downloading update (153,027 of 268,823 KB)...
[2017-01-31 20:00:25] Downloading update (153,824 of 268,823 KB)...
[2017-01-31 20:00:25] Downloading update (154,329 of 268,823 KB)...
[2017-01-31 20:00:25] Downloading update (154,960 of 268,823 KB)...
[2017-01-31 20:00:26] Downloading update (155,614 of 268,823 KB)...
[2017-01-31 20:00:26] Downloading update (156,164 of 268,823 KB)...
[2017-01-31 20:00:26] Downloading update (156,514 of 268,823 KB)...
[2017-01-31 20:00:26] Downloading update (157,120 of 268,823 KB)...
[2017-01-31 20:00:27] Downloading update (157,926 of 268,823 KB)...
[2017-01-31 20:00:27] Downloading update (158,598 of 268,823 KB)...
[2017-01-31 20:00:27] Downloading update (159,127 of 268,823 KB)...
[2017-01-31 20:00:27] Downloading update (159,779 of 268,823 KB)...
[2017-01-31 20:00:28] Downloading update (160,504 of 268,823 KB)...
[2017-01-31 20:00:28] Downloading update (161,090 of 268,823 KB)...
[2017-01-31 20:00:28] Downloading update (161,657 of 268,823 KB)...
[2017-01-31 20:00:28] Downloading update (162,283 of 268,823 KB)...
[2017-01-31 20:00:29] Downloading update (162,861 of 268,823 KB)...
[2017-01-31 20:00:29] Downloading update (163,722 of 268,823 KB)...
[2017-01-31 20:00:29] Downloading update (164,152 of 268,823 KB)...
[2017-01-31 20:00:29] Downloading update (164,660 of 268,823 KB)...
[2017-01-31 20:00:30] Downloading update (165,208 of 268,823 KB)...
[2017-01-31 20:00:30] Downloading update (165,886 of 268,823 KB)...
[2017-01-31 20:00:30] Downloading update (166,441 of 268,823 KB)...
[2017-01-31 20:00:30] Downloading update (166,941 of 268,823 KB)...
[2017-01-31 20:00:31] Downloading update (167,436 of 268,823 KB)...
[2017-01-31 20:00:31] Downloading update (167,895 of 268,823 KB)...
[2017-01-31 20:00:31] Downloading update (168,437 of 268,823 KB)...
[2017-01-31 20:00:31] Downloading update (168,971 of 268,823 KB)...
[2017-01-31 20:00:32] Downloading update (169,496 of 268,823 KB)...
[2017-01-31 20:00:32] Downloading update (170,201 of 268,823 KB)...
[2017-01-31 20:00:32] Downloading update (170,773 of 268,823 KB)...
[2017-01-31 20:00:32] Downloading update (171,181 of 268,823 KB)...
[2017-01-31 20:00:33] Downloading update (171,555 of 268,823 KB)...
[2017-01-31 20:00:33] Downloading update (172,000 of 268,823 KB)...
[2017-01-31 20:00:33] Downloading update (172,549 of 268,823 KB)...
[2017-01-31 20:00:33] Downloading update (173,174 of 268,823 KB)...
[2017-01-31 20:00:34] Downloading update (173,802 of 268,823 KB)...
[2017-01-31 20:00:34] Downloading update (174,353 of 268,823 KB)...
[2017-01-31 20:00:34] Downloading update (174,975 of 268,823 KB)...
[2017-01-31 20:00:35] Downloading update (175,343 of 268,823 KB)...
[2017-01-31 20:00:35] Downloading update (175,827 of 268,823 KB)...
[2017-01-31 20:00:35] Downloading update (176,139 of 268,823 KB)...
[2017-01-31 20:00:35] Downloading update (176,464 of 268,823 KB)...
[2017-01-31 20:00:36] Downloading update (176,860 of 268,823 KB)...
[2017-01-31 20:00:36] Downloading update (177,299 of 268,823 KB)...
[2017-01-31 20:00:36] Downloading update (177,637 of 268,823 KB)...
[2017-01-31 20:00:36] Downloading update (178,096 of 268,823 KB)...
[2017-01-31 20:00:37] Downloading update (178,526 of 268,823 KB)...
[2017-01-31 20:00:37] Downloading update (179,051 of 268,823 KB)...
[2017-01-31 20:00:37] Downloading update (179,516 of 268,823 KB)...
[2017-01-31 20:00:37] Downloading update (180,138 of 268,823 KB)...
[2017-01-31 20:00:38] Downloading update (180,688 of 268,823 KB)...
[2017-01-31 20:00:38] Downloading update (181,294 of 268,823 KB)...
[2017-01-31 20:00:38] Downloading update (181,603 of 268,823 KB)...
[2017-01-31 20:00:38] Downloading update (181,974 of 268,823 KB)...
[2017-01-31 20:00:39] Downloading update (182,264 of 268,823 KB)...
[2017-01-31 20:00:39] Downloading update (182,872 of 268,823 KB)...
[2017-01-31 20:00:39] Downloading update (183,164 of 268,823 KB)...
[2017-01-31 20:00:39] Downloading update (183,593 of 268,823 KB)...
[2017-01-31 20:00:40] Downloading update (184,061 of 268,823 KB)...
[2017-01-31 20:00:40] Downloading update (184,513 of 268,823 KB)...
[2017-01-31 20:00:40] Downloading update (184,884 of 268,823 KB)...
[2017-01-31 20:00:40] Downloading update (185,315 of 268,823 KB)...
[2017-01-31 20:00:41] Downloading update (185,680 of 268,823 KB)...
[2017-01-31 20:00:41] Downloading update (186,148 of 268,823 KB)...
[2017-01-31 20:00:41] Downloading update (186,408 of 268,823 KB)...
[2017-01-31 20:00:41] Downloading update (186,763 of 268,823 KB)...
[2017-01-31 20:00:42] Downloading update (187,176 of 268,823 KB)...
[2017-01-31 20:00:42] Downloading update (187,582 of 268,823 KB)...
[2017-01-31 20:00:42] Downloading update (187,889 of 268,823 KB)...
[2017-01-31 20:00:42] Downloading update (188,310 of 268,823 KB)...
[2017-01-31 20:00:43] Downloading update (188,739 of 268,823 KB)...
[2017-01-31 20:00:43] Downloading update (189,204 of 268,823 KB)...
[2017-01-31 20:00:43] Downloading update (189,439 of 268,823 KB)...
[2017-01-31 20:00:43] Downloading update (189,785 of 268,823 KB)...
[2017-01-31 20:00:44] Downloading update (190,198 of 268,823 KB)...
[2017-01-31 20:00:44] Downloading update (190,581 of 268,823 KB)...
[2017-01-31 20:00:44] Downloading update (190,916 of 268,823 KB)...
[2017-01-31 20:00:44] Downloading update (191,321 of 268,823 KB)...
[2017-01-31 20:00:45] Downloading update (191,801 of 268,823 KB)...
[2017-01-31 20:00:45] Downloading update (192,313 of 268,823 KB)...
[2017-01-31 20:00:45] Downloading update (192,718 of 268,823 KB)...
[2017-01-31 20:00:45] Downloading update (193,225 of 268,823 KB)...
[2017-01-31 20:00:46] Downloading update (193,701 of 268,823 KB)...
[2017-01-31 20:00:46] Downloading update (193,962 of 268,823 KB)...
[2017-01-31 20:00:46] Downloading update (194,345 of 268,823 KB)...
[2017-01-31 20:00:46] Downloading update (194,826 of 268,823 KB)...
[2017-01-31 20:00:47] Downloading update (195,144 of 268,823 KB)...
[2017-01-31 20:00:47] Downloading update (195,477 of 268,823 KB)...
[2017-01-31 20:00:47] Downloading update (195,914 of 268,823 KB)...
[2017-01-31 20:00:47] Downloading update (196,271 of 268,823 KB)...
[2017-01-31 20:00:48] Downloading update (196,732 of 268,823 KB)...
[2017-01-31 20:00:48] Downloading update (197,087 of 268,823 KB)...
[2017-01-31 20:00:48] Downloading update (197,486 of 268,823 KB)...
[2017-01-31 20:00:48] Downloading update (198,023 of 268,823 KB)...
[2017-01-31 20:00:49] Downloading update (198,399 of 268,823 KB)...
[2017-01-31 20:00:49] Downloading update (198,688 of 268,823 KB)...
[2017-01-31 20:00:49] Downloading update (199,012 of 268,823 KB)...
[2017-01-31 20:00:49] Downloading update (199,461 of 268,823 KB)...
[2017-01-31 20:00:50] Downloading update (199,867 of 268,823 KB)...
[2017-01-31 20:00:50] Downloading update (200,250 of 268,823 KB)...
[2017-01-31 20:00:50] Downloading update (200,591 of 268,823 KB)...
[2017-01-31 20:00:50] Downloading update (200,885 of 268,823 KB)...
[2017-01-31 20:00:51] Downloading update (201,332 of 268,823 KB)...
[2017-01-31 20:00:51] Downloading update (201,657 of 268,823 KB)...
[2017-01-31 20:00:51] Downloading update (202,056 of 268,823 KB)...
[2017-01-31 20:00:51] Downloading update (202,439 of 268,823 KB)...
[2017-01-31 20:00:52] Downloading update (202,847 of 268,823 KB)...
[2017-01-31 20:00:52] Downloading update (203,513 of 268,823 KB)...
[2017-01-31 20:00:52] Downloading update (203,969 of 268,823 KB)...
[2017-01-31 20:00:52] Downloading update (204,278 of 268,823 KB)...
[2017-01-31 20:00:53] Downloading update (204,553 of 268,823 KB)...
[2017-01-31 20:00:53] Downloading update (204,882 of 268,823 KB)...
[2017-01-31 20:00:53] Downloading update (205,296 of 268,823 KB)...
[2017-01-31 20:00:53] Downloading update (205,753 of 268,823 KB)...
[2017-01-31 20:00:54] Downloading update (206,042 of 268,823 KB)...
[2017-01-31 20:00:54] Downloading update (206,503 of 268,823 KB)...
[2017-01-31 20:00:54] Downloading update (206,914 of 268,823 KB)...
[2017-01-31 20:00:54] Downloading update (207,379 of 268,823 KB)...
[2017-01-31 20:00:55] Downloading update (207,741 of 268,823 KB)...
[2017-01-31 20:00:55] Downloading update (208,172 of 268,823 KB)...
[2017-01-31 20:00:55] Downloading update (208,718 of 268,823 KB)...
[2017-01-31 20:00:55] Downloading update (209,207 of 268,823 KB)...
[2017-01-31 20:00:56] Downloading update (209,807 of 268,823 KB)...
[2017-01-31 20:00:56] Downloading update (210,450 of 268,823 KB)...
[2017-01-31 20:00:56] Downloading update (210,973 of 268,823 KB)...
[2017-01-31 20:00:56] Downloading update (211,366 of 268,823 KB)...
[2017-01-31 20:00:57] Downloading update (211,724 of 268,823 KB)...
[2017-01-31 20:00:57] Downloading update (212,114 of 268,823 KB)...
[2017-01-31 20:00:57] Downloading update (212,642 of 268,823 KB)...
[2017-01-31 20:00:57] Downloading update (213,053 of 268,823 KB)...
[2017-01-31 20:00:58] Downloading update (213,531 of 268,823 KB)...
[2017-01-31 20:00:58] Downloading update (213,841 of 268,823 KB)...
[2017-01-31 20:00:58] Downloading update (214,330 of 268,823 KB)...
[2017-01-31 20:00:58] Downloading update (214,729 of 268,823 KB)...
[2017-01-31 20:00:59] Downloading update (215,108 of 268,823 KB)...
[2017-01-31 20:00:59] Downloading update (215,447 of 268,823 KB)...
[2017-01-31 20:00:59] Downloading update (215,798 of 268,823 KB)...
[2017-01-31 20:00:59] Downloading update (216,142 of 268,823 KB)...
[2017-01-31 20:01:00] Downloading update (216,635 of 268,823 KB)...
[2017-01-31 20:01:00] Downloading update (217,037 of 268,823 KB)...
[2017-01-31 20:01:00] Downloading update (217,423 of 268,823 KB)...
[2017-01-31 20:01:00] Downloading update (217,824 of 268,823 KB)...
[2017-01-31 20:01:01] Downloading update (218,243 of 268,823 KB)...
[2017-01-31 20:01:01] Downloading update (218,614 of 268,823 KB)...
[2017-01-31 20:01:01] Downloading update (219,001 of 268,823 KB)...
[2017-01-31 20:01:01] Downloading update (219,308 of 268,823 KB)...
[2017-01-31 20:01:02] Downloading update (219,749 of 268,823 KB)...
[2017-01-31 20:01:02] Downloading update (220,199 of 268,823 KB)...
[2017-01-31 20:01:02] Downloading update (220,667 of 268,823 KB)...
[2017-01-31 20:01:02] Downloading update (221,056 of 268,823 KB)...
[2017-01-31 20:01:03] Downloading update (221,546 of 268,823 KB)...
[2017-01-31 20:01:03] Downloading update (222,113 of 268,823 KB)...
[2017-01-31 20:01:03] Downloading update (222,431 of 268,823 KB)...
[2017-01-31 20:01:03] Downloading update (222,775 of 268,823 KB)...
[2017-01-31 20:01:04] Downloading update (223,148 of 268,823 KB)...
[2017-01-31 20:01:04] Downloading update (223,527 of 268,823 KB)...
[2017-01-31 20:01:04] Downloading update (223,967 of 268,823 KB)...
[2017-01-31 20:01:04] Downloading update (224,352 of 268,823 KB)...
[2017-01-31 20:01:05] Downloading update (224,734 of 268,823 KB)...
[2017-01-31 20:01:05] Downloading update (225,148 of 268,823 KB)...
[2017-01-31 20:01:05] Downloading update (225,636 of 268,823 KB)...
[2017-01-31 20:01:05] Downloading update (225,940 of 268,823 KB)...
[2017-01-31 20:01:06] Downloading update (226,212 of 268,823 KB)...
[2017-01-31 20:01:06] Downloading update (226,644 of 268,823 KB)...
[2017-01-31 20:01:06] Downloading update (226,837 of 268,823 KB)...
[2017-01-31 20:01:06] Downloading update (227,057 of 268,823 KB)...
[2017-01-31 20:01:07] Downloading update (227,302 of 268,823 KB)...
[2017-01-31 20:01:07] Downloading update (227,648 of 268,823 KB)...
[2017-01-31 20:01:07] Downloading update (227,959 of 268,823 KB)...
[2017-01-31 20:01:08] Downloading update (228,289 of 268,823 KB)...
[2017-01-31 20:01:08] Downloading update (228,478 of 268,823 KB)...
[2017-01-31 20:01:08] Downloading update (228,700 of 268,823 KB)...
[2017-01-31 20:01:08] Downloading update (228,993 of 268,823 KB)...
[2017-01-31 20:01:09] Downloading update (229,215 of 268,823 KB)...
[2017-01-31 20:01:09] Downloading update (229,491 of 268,823 KB)...
[2017-01-31 20:01:09] Downloading update (229,829 of 268,823 KB)...
[2017-01-31 20:01:09] Downloading update (230,206 of 268,823 KB)...
[2017-01-31 20:01:10] Downloading update (230,553 of 268,823 KB)...
[2017-01-31 20:01:10] Downloading update (230,762 of 268,823 KB)...
[2017-01-31 20:01:10] Downloading update (231,073 of 268,823 KB)...
[2017-01-31 20:01:10] Downloading update (231,287 of 268,823 KB)...
[2017-01-31 20:01:11] Downloading update (231,531 of 268,823 KB)...
[2017-01-31 20:01:11] Downloading update (231,794 of 268,823 KB)...
[2017-01-31 20:01:11] Downloading update (232,045 of 268,823 KB)...
[2017-01-31 20:01:11] Downloading update (232,185 of 268,823 KB)...
[2017-01-31 20:01:12] Downloading update (232,278 of 268,823 KB)...
[2017-01-31 20:01:12] Downloading update (232,387 of 268,823 KB)...
[2017-01-31 20:01:12] Downloading update (232,472 of 268,823 KB)...
[2017-01-31 20:01:12] Downloading update (232,566 of 268,823 KB)...
[2017-01-31 20:01:13] Downloading update (232,769 of 268,823 KB)...
[2017-01-31 20:01:13] Downloading update (233,122 of 268,823 KB)...
[2017-01-31 20:01:13] Downloading update (233,476 of 268,823 KB)...
[2017-01-31 20:01:13] Downloading update (233,811 of 268,823 KB)...
[2017-01-31 20:01:14] Downloading update (234,154 of 268,823 KB)...
[2017-01-31 20:01:14] Downloading update (234,447 of 268,823 KB)...
[2017-01-31 20:01:14] Downloading update (234,673 of 268,823 KB)...
[2017-01-31 20:01:14] Downloading update (234,925 of 268,823 KB)...
[2017-01-31 20:01:15] Downloading update (235,184 of 268,823 KB)...
[2017-01-31 20:01:15] Downloading update (235,465 of 268,823 KB)...
[2017-01-31 20:01:15] Downloading update (235,779 of 268,823 KB)...
[2017-01-31 20:01:15] Downloading update (236,049 of 268,823 KB)...
[2017-01-31 20:01:16] Downloading update (236,249 of 268,823 KB)...
[2017-01-31 20:01:16] Downloading update (236,666 of 268,823 KB)...
[2017-01-31 20:01:16] Downloading update (237,040 of 268,823 KB)...
[2017-01-31 20:01:16] Downloading update (237,336 of 268,823 KB)...
[2017-01-31 20:01:17] Downloading update (237,630 of 268,823 KB)...
[2017-01-31 20:01:17] Downloading update (237,938 of 268,823 KB)...
[2017-01-31 20:01:17] Downloading update (238,107 of 268,823 KB)...
[2017-01-31 20:01:17] Downloading update (238,289 of 268,823 KB)...
[2017-01-31 20:01:18] Downloading update (238,522 of 268,823 KB)...
[2017-01-31 20:01:18] Downloading update (238,804 of 268,823 KB)...
[2017-01-31 20:01:18] Downloading update (239,040 of 268,823 KB)...
[2017-01-31 20:01:18] Downloading update (239,344 of 268,823 KB)...
[2017-01-31 20:01:19] Downloading update (239,641 of 268,823 KB)...
[2017-01-31 20:01:19] Downloading update (239,934 of 268,823 KB)...
[2017-01-31 20:01:19] Downloading update (240,330 of 268,823 KB)...
[2017-01-31 20:01:19] Downloading update (240,642 of 268,823 KB)...
[2017-01-31 20:01:20] Downloading update (240,822 of 268,823 KB)...
[2017-01-31 20:01:20] Downloading update (241,068 of 268,823 KB)...
[2017-01-31 20:01:20] Downloading update (241,312 of 268,823 KB)...
[2017-01-31 20:01:20] Downloading update (241,592 of 268,823 KB)...
[2017-01-31 20:01:21] Downloading update (241,850 of 268,823 KB)...
[2017-01-31 20:01:21] Downloading update (242,142 of 268,823 KB)...
[2017-01-31 20:01:21] Downloading update (242,482 of 268,823 KB)...
[2017-01-31 20:01:21] Downloading update (242,852 of 268,823 KB)...
[2017-01-31 20:01:22] Downloading update (243,134 of 268,823 KB)...
[2017-01-31 20:01:22] Downloading update (243,503 of 268,823 KB)...
[2017-01-31 20:01:22] Downloading update (243,941 of 268,823 KB)...
[2017-01-31 20:01:22] Downloading update (244,262 of 268,823 KB)...
[2017-01-31 20:01:23] Downloading update (244,586 of 268,823 KB)...
[2017-01-31 20:01:23] Downloading update (244,906 of 268,823 KB)...
[2017-01-31 20:01:23] Downloading update (245,200 of 268,823 KB)...
[2017-01-31 20:01:23] Downloading update (245,348 of 268,823 KB)...
[2017-01-31 20:01:24] Downloading update (245,549 of 268,823 KB)...
[2017-01-31 20:01:24] Downloading update (245,782 of 268,823 KB)...
[2017-01-31 20:01:24] Downloading update (246,044 of 268,823 KB)...
[2017-01-31 20:01:24] Downloading update (246,252 of 268,823 KB)...
[2017-01-31 20:01:25] Downloading update (246,540 of 268,823 KB)...
[2017-01-31 20:01:25] Downloading update (246,836 of 268,823 KB)...
[2017-01-31 20:01:25] Downloading update (247,123 of 268,823 KB)...
[2017-01-31 20:01:25] Downloading update (247,372 of 268,823 KB)...
[2017-01-31 20:01:26] Downloading update (247,647 of 268,823 KB)...
[2017-01-31 20:01:26] Downloading update (247,974 of 268,823 KB)...
[2017-01-31 20:01:26] Downloading update (248,393 of 268,823 KB)...
[2017-01-31 20:01:26] Downloading update (248,595 of 268,823 KB)...
[2017-01-31 20:01:27] Downloading update (249,060 of 268,823 KB)...
[2017-01-31 20:01:27] Downloading update (249,467 of 268,823 KB)...
[2017-01-31 20:01:27] Downloading update (249,685 of 268,823 KB)...
[2017-01-31 20:01:27] Downloading update (249,884 of 268,823 KB)...
[2017-01-31 20:01:28] Downloading update (250,135 of 268,823 KB)...
[2017-01-31 20:01:28] Downloading update (250,464 of 268,823 KB)...
[2017-01-31 20:01:28] Downloading update (250,765 of 268,823 KB)...
[2017-01-31 20:01:28] Downloading update (250,963 of 268,823 KB)...
[2017-01-31 20:01:29] Downloading update (251,277 of 268,823 KB)...
[2017-01-31 20:01:29] Downloading update (251,591 of 268,823 KB)...
[2017-01-31 20:01:29] Downloading update (251,998 of 268,823 KB)...
[2017-01-31 20:01:29] Downloading update (252,332 of 268,823 KB)...
[2017-01-31 20:01:30] Downloading update (252,645 of 268,823 KB)...
[2017-01-31 20:01:30] Downloading update (252,895 of 268,823 KB)...
[2017-01-31 20:01:30] Downloading update (253,295 of 268,823 KB)...
[2017-01-31 20:01:30] Downloading update (253,578 of 268,823 KB)...
[2017-01-31 20:01:31] Downloading update (253,834 of 268,823 KB)...
[2017-01-31 20:01:31] Downloading update (254,080 of 268,823 KB)...
[2017-01-31 20:01:31] Downloading update (254,390 of 268,823 KB)...
[2017-01-31 20:01:31] Downloading update (254,582 of 268,823 KB)...
[2017-01-31 20:01:32] Downloading update (254,681 of 268,823 KB)...
[2017-01-31 20:01:32] Downloading update (254,805 of 268,823 KB)...
[2017-01-31 20:01:32] Downloading update (254,944 of 268,823 KB)...
[2017-01-31 20:01:32] Downloading update (255,095 of 268,823 KB)...
[2017-01-31 20:01:33] Downloading update (255,241 of 268,823 KB)...
[2017-01-31 20:01:33] Downloading update (255,412 of 268,823 KB)...
[2017-01-31 20:01:33] Downloading update (255,596 of 268,823 KB)...
[2017-01-31 20:01:33] Downloading update (255,790 of 268,823 KB)...
[2017-01-31 20:01:34] Downloading update (255,990 of 268,823 KB)...
[2017-01-31 20:01:34] Downloading update (256,181 of 268,823 KB)...
[2017-01-31 20:01:34] Downloading update (256,399 of 268,823 KB)...
[2017-01-31 20:01:34] Downloading update (256,623 of 268,823 KB)...
[2017-01-31 20:01:35] Downloading update (256,861 of 268,823 KB)...
[2017-01-31 20:01:35] Downloading update (257,077 of 268,823 KB)...
[2017-01-31 20:01:35] Downloading update (257,190 of 268,823 KB)...
[2017-01-31 20:01:35] Downloading update (257,282 of 268,823 KB)...
[2017-01-31 20:01:36] Downloading update (257,391 of 268,823 KB)...
[2017-01-31 20:01:36] Downloading update (257,503 of 268,823 KB)...
[2017-01-31 20:01:36] Downloading update (257,640 of 268,823 KB)...
[2017-01-31 20:01:36] Downloading update (257,790 of 268,823 KB)...
[2017-01-31 20:01:37] Downloading update (257,951 of 268,823 KB)...
[2017-01-31 20:01:37] Downloading update (258,122 of 268,823 KB)...
[2017-01-31 20:01:37] Downloading update (258,287 of 268,823 KB)...
[2017-01-31 20:01:37] Downloading update (258,480 of 268,823 KB)...
[2017-01-31 20:01:38] Downloading update (258,679 of 268,823 KB)...
[2017-01-31 20:01:38] Downloading update (258,891 of 268,823 KB)...
[2017-01-31 20:01:38] Downloading update (259,087 of 268,823 KB)...
[2017-01-31 20:01:38] Downloading update (259,311 of 268,823 KB)...
[2017-01-31 20:01:39] Downloading update (259,546 of 268,823 KB)...
[2017-01-31 20:01:39] Downloading update (259,800 of 268,823 KB)...
[2017-01-31 20:01:39] Downloading update (259,998 of 268,823 KB)...
[2017-01-31 20:01:39] Downloading update (260,186 of 268,823 KB)...
[2017-01-31 20:01:40] Downloading update (260,400 of 268,823 KB)...
[2017-01-31 20:01:40] Downloading update (260,626 of 268,823 KB)...
[2017-01-31 20:01:40] Downloading update (260,866 of 268,823 KB)...
[2017-01-31 20:01:40] Downloading update (261,032 of 268,823 KB)...
[2017-01-31 20:01:41] Downloading update (261,230 of 268,823 KB)...
[2017-01-31 20:01:41] Downloading update (261,435 of 268,823 KB)...
[2017-01-31 20:01:41] Downloading update (261,647 of 268,823 KB)...
[2017-01-31 20:01:41] Downloading update (261,871 of 268,823 KB)...
[2017-01-31 20:01:42] Downloading update (262,075 of 268,823 KB)...
[2017-01-31 20:01:42] Downloading update (262,292 of 268,823 KB)...
[2017-01-31 20:01:42] Downloading update (262,484 of 268,823 KB)...
[2017-01-31 20:01:43] Downloading update (262,683 of 268,823 KB)...
[2017-01-31 20:01:43] Downloading update (262,874 of 268,823 KB)...
[2017-01-31 20:01:43] Downloading update (263,092 of 268,823 KB)...
[2017-01-31 20:01:43] Downloading update (263,316 of 268,823 KB)...
[2017-01-31 20:01:44] Downloading update (263,436 of 268,823 KB)...
[2017-01-31 20:01:44] Downloading update (263,523 of 268,823 KB)...
[2017-01-31 20:01:44] Downloading update (263,634 of 268,823 KB)...
[2017-01-31 20:01:45] Downloading update (263,762 of 268,823 KB)...
[2017-01-31 20:01:45] Downloading update (263,903 of 268,823 KB)...
[2017-01-31 20:01:45] Downloading update (264,057 of 268,823 KB)...
[2017-01-31 20:01:45] Downloading update (264,206 of 268,823 KB)...
[2017-01-31 20:01:46] Downloading update (264,380 of 268,823 KB)...
[2017-01-31 20:01:46] Downloading update (264,563 of 268,823 KB)...
[2017-01-31 20:01:46] Downloading update (264,760 of 268,823 KB)...
[2017-01-31 20:01:46] Downloading update (264,942 of 268,823 KB)...
[2017-01-31 20:01:47] Downloading update (265,155 of 268,823 KB)...
[2017-01-31 20:01:47] Downloading update (265,375 of 268,823 KB)...
[2017-01-31 20:01:47] Downloading update (265,531 of 268,823 KB)...
[2017-01-31 20:01:47] Downloading update (265,611 of 268,823 KB)...
[2017-01-31 20:01:48] Downloading update (265,702 of 268,823 KB)...
[2017-01-31 20:01:48] Downloading update (265,818 of 268,823 KB)...
[2017-01-31 20:01:48] Downloading update (265,934 of 268,823 KB)...
[2017-01-31 20:01:48] Downloading update (266,075 of 268,823 KB)...
[2017-01-31 20:01:49] Downloading update (266,231 of 268,823 KB)...
[2017-01-31 20:01:49] Downloading update (266,380 of 268,823 KB)...
[2017-01-31 20:01:49] Downloading update (266,556 of 268,823 KB)...
[2017-01-31 20:01:49] Downloading update (266,740 of 268,823 KB)...
[2017-01-31 20:01:50] Downloading update (266,938 of 268,823 KB)...
[2017-01-31 20:01:50] Downloading update (267,121 of 268,823 KB)...
[2017-01-31 20:01:50] Downloading update (267,334 of 268,823 KB)...
[2017-01-31 20:01:50] Downloading update (267,557 of 268,823 KB)...
[2017-01-31 20:01:51] Downloading update (267,783 of 268,823 KB)...
[2017-01-31 20:01:51] Installing breakpad exception handler for appid(steam)/version(1.0)
Installing breakpad exception handler for appid(steam)/version(1.0)
Installing breakpad exception handler for appid(steam)/version(1.0)
Installing breakpad exception handler for appid(steam)/version(1.0)
Installing breakpad exception handler for appid(steam)/version(1.0)
Installing breakpad exception handler for appid(steam)/version(1.0)
Installing breakpad exception handler for appid(steam)/version(1.0)
Installing breakpad exception handler for appid(steam)/version(1.0)
Installing breakpad exception handler for appid(steam)/version(1.0)
Installing breakpad exception handler for appid(steam)/version(1.0)
Installing breakpad exception handler for appid(steam)/version(1.0)
Installing breakpad exception handler for appid(steam)/version(1.0)
Installing breakpad exception handler for appid(steam)/version(1.0)
Installing breakpad exception handler for appid(steam)/version(1.0)
Installing breakpad exception handler for appid(steam)/version(1.0)
Installing breakpad exception handler for appid(steam)/version(1.0)
Installing breakpad exception handler for appid(steam)/version(1.0)
Installing breakpad exception handler for appid(steam)/version(1.0)
Installing breakpad exception handler for appid(steam)/version(1.0)
Installing breakpad exception handler for appid(steam)/version(1.0)
Installing breakpad exception handler for appid(steam)/version(1.0)
Installing breakpad exception handler for appid(steam)/version(1.0)
Installing breakpad exception handler for appid(steam)/version(1.0)
Installing breakpad exception handler for appid(steam)/version(1.0)
Downloading update (268,050 of 268,823 KB)...
[2017-01-31 20:01:51] Downloading update (268,164 of 268,823 KB)...
[2017-01-31 20:01:51] Downloading update (268,304 of 268,823 KB)...
[2017-01-31 20:01:52] Downloading update (268,457 of 268,823 KB)...
[2017-01-31 20:01:52] Downloading update (268,621 of 268,823 KB)...
[2017-01-31 20:01:52] Downloading update (268,777 of 268,823 KB)...
[2017-01-31 20:01:52] Downloading update (268,823 of 268,823 KB)...
[2017-01-31 20:01:52] Download Complete.
[2017-01-31 20:01:52] uninstalled manifest found in /home/killbox/.local/share/Steam/package/steam_client_ubuntu12 (1).
[2017-01-31 20:01:53] Extracting package...
[2017-01-31 20:02:03] Installing update...
[2017-01-31 20:02:03] Cleaning up...
[2017-01-31 20:02:03] Update complete, launching...
[2017-01-31 20:02:03] Shutdown
Restarting Steam by request...
Running Steam on fedora 25 64-bit
STEAM_RUNTIME has been set by the user to: /home/killbox/.local/share/Steam/ubuntu12_32/steam-runtime
Gtk-Message: GtkDialog mapped without a transient parent. This is discouraged.
Installing breakpad exception handler for appid(steam)/version(1484790260)
Installing breakpad exception handler for appid(steam)/version(1484790260)

(steam:15747): Gtk-WARNING **: Unable to locate theme engine in module_path: "adwaita",

(steam:15747): Gtk-WARNING **: Unable to locate theme engine in module_path: "adwaita",
Gtk-Message: Failed to load module "pk-gtk-module"
Gtk-Message: Failed to load module "canberra-gtk-module"
Installing breakpad exception handler for appid(steam)/version(1484790260)
Installing breakpad exception handler for appid(steam)/version(1484790260)
Installing breakpad exception handler for appid(steam)/version(1484790260)
Installing breakpad exception handler for appid(steam)/version(1484790260)
Installing breakpad exception handler for appid(steam)/version(1484790260)
Installing breakpad exception handler for appid(steam)/version(1484790260)
Installing breakpad exception handler for appid(steam)/version(1484790260)
Installing breakpad exception handler for appid(steam)/version(1484790260)
Installing breakpad exception handler for appid(steam)/version(1484790260)
Setting breakpad minidump AppID = 769
Steam_SetMinidumpSteamID:  Caching Steam ID:  76561197960265728 [API loaded no]
Installing breakpad exception handler for appid(steam)/version(1484790260)
Generating new string page texture 12: 48x256, total string texture memory is 49.15 KB
Generating new string page texture 13: 256x256, total string texture memory is 311.30 KB
Generating new string page texture 14: 128x256, total string texture memory is 442.37 KB
[0131/200238:ERROR:web_plugin_impl.cc(38)] Widevine registration is not supported after context initialization
Generating new string page texture 20: 64x256, total string texture memory is 507.90 KB
Generating new string page texture 21: 8x256, total string texture memory is 516.10 KB
Generating new string page texture 22: 16x256, total string texture memory is 532.48 KB
Generating new string page texture 23: 24x256, total string texture memory is 557.06 KB
Generating new string page texture 24: 32x256, total string texture memory is 589.82 KB
Installing breakpad exception handler for appid(steam)/version(1484790260)
Generating new string page texture 29: 384x256, total string texture memory is 983.04 KB
Generating new string page texture 30: 256x256, total string texture memory is 1.25 MB

(steam:15747): GLib-GObject-WARNING **: gsignal.c:2523: signal 'child-added' is invalid for instance '0x58aac080' of type 'GtkMenu'
Installing breakpad exception handler for appid(steam)/version(1484790260)
Installing breakpad exception handler for appid(steam)/version(1484790260)
Installing breakpad exception handler for appid(steam)/version(1484790260)
Installing breakpad exception handler for appid(steam)/version(1484790260)
Installing breakpad exception handler for appid(steam)/version(1484790260)
roaming config store loaded successfully - 13532 bytes.
migrating temporary roaming config store
Installing breakpad exception handler for appid(steam)/version(1484790260)
Failed to init SteamVR because it isn't installed
ExecCommandLine: ""/home/killbox/.local/share/Steam/ubuntu12_32/steam" "
Installing breakpad exception handler for appid(steam)/version(1484790260)
System startup time: 79.11 seconds
Generating new string page texture 92: 1024x256, total string texture memory is 2.29 MB
Generating new string page texture 93: 128x256, total string texture memory is 131.07 KB
Running Steam on fedora 25 64-bit
STEAM_RUNTIME has been set by the user to: /home/killbox/.local/share/Steam/ubuntu12_32/steam-runtime
Generating new string page texture 96: 128x256, total string texture memory is 2.42 MB
Generating new string page texture 97: 256x256, total string texture memory is 2.69 MB
Generating new string page texture 99: 128x256, total string texture memory is 2.82 MB
ExecCommandLine: "/home/killbox/.local/share/Steam/ubuntu12_32/steam steam://open/driverhelperready"
ExecSteamURL: "steam://open/driverhelperready"
Generating new string page texture 102: 512x256, total string texture memory is 3.34 MB
Installing breakpad exception handler for appid(steam)/version(1484790260)
Generating new string page texture 107: 256x256, total string texture memory is 3.60 MB
Generating new string page texture 130: 64x256, total string texture memory is 3.67 MB
Generating new string page texture 131: 128x256, total string texture memory is 3.80 MB
Generating new string page texture 136: 256x256, total string texture memory is 4.06 MB
Generating new string page texture 137: 128x256, total string texture memory is 4.19 MB
Generating new string page texture 144: 48x256, total string texture memory is 4.24 MB
saving roaming config store to 'sharedconfig.vdf'
roaming config store 2 saved successfully
Installing breakpad exception handler for appid(steam)/version(1484790260)
saving roaming config store to 'sharedconfig.vdf'
roaming config store 2 saved successfully
Installing breakpad exception handler for appid(steam)/version(1484790260)
Installing breakpad exception handler for appid(steam)/version(1484790260)
Installing breakpad exception handler for appid(steam)/version(1484790260)
Installing breakpad exception handler for appid(steam)/version(1484790260)
Installing breakpad exception handler for appid(steam)/version(1484790260)
Installing breakpad exception handler for appid(steam)/version(1484790260)
Installing breakpad exception handler for appid(steam)/version(1484790260)
Installing breakpad exception handler for appid(steam)/version(1484790260)
Installing breakpad exception handler for appid(steam)/version(1484790260)
Installing breakpad exception handler for appid(steam)/version(1484790260)
Installing breakpad exception handler for appid(steam)/version(1484790260)
Installing breakpad exception handler for appid(steam)/version(1484790260)
Installing breakpad exception handler for appid(steam)/version(1484790260)
Generating new string page texture 160: 256x256, total string texture memory is 393.22 KB
Generating new string page texture 161: 128x256, total string texture memory is 4.37 MB
